<?xml version="1.0" encoding="UTF-8"?>
<!-- Generated by org.testng.reporters.JUnitReportReporter -->
<testsuite hostname="LAPTOP-HM8TA1NR" failures="0" tests="4" name="pkg.DemoTest" time="0.034" errors="0" timestamp="2020-07-02T22:37:20 IST" skipped="0">
  <testcase classname="pkg.DemoTest" name="DataProviderMethod" time="0.011"/>
  <system-out/>
  <testcase classname="pkg.DemoTest" name="Parameter_method" time="0.010"/>
  <system-out/>
  <testcase classname="pkg.DemoTest" name="DataProviderMethod" time="0.001"/>
  <system-out/>
  <testcase classname="pkg.DemoTest" name="AssertAllmethods" time="0.012"/>
  <system-out>
AssertEqualsPassed AssertTruePassed AssertFalsePassed AssertNotequalsPassed AssertEqualsPassed on a negative comaprison  </system-out>
</testsuite> <!-- pkg.DemoTest -->
